<?xml version="1.0" encoding="UTF-8"?>
<coverage generated="1729591338208" clover="3.2.0">
  <project timestamp="1729591338208" name="All files">
    <metrics statements="4" coveredstatements="3" conditionals="3" coveredconditionals="2" methods="2" coveredmethods="1" elements="9" coveredelements="6" complexity="0" loc="4" ncloc="4" packages="1" files="2" classes="2"/>
    <file name="index.js" path="/Users/anthonykirkham/Desktop/Coding/new-code-template/js-webpack-prettier-eslint-template/src/index.js">
      <metrics statements="1" coveredstatements="0" conditionals="1" coveredconditionals="0" methods="1" coveredmethods="0"/>
      <line num="1" count="0" type="cond" truecount="0" falsecount="1"/>
    </file>
    <file name="sum.ts" path="/Users/anthonykirkham/Desktop/Coding/new-code-template/js-webpack-prettier-eslint-template/src/sum.ts">
      <metrics statements="3" coveredstatements="3" conditionals="2" coveredconditionals="2" methods="1" coveredmethods="1"/>
      <line num="2" count="3" type="cond" truecount="1" falsecount="0"/>
      <line num="3" count="3" type="cond" truecount="1" falsecount="0"/>
      <line num="4" count="3" type="stmt"/>
    </file>
  </project>
</coverage>
