{"/Users/anthonykirkham/Desktop/Coding/new-code-template/js-webpack-prettier-eslint-template/src/index.js": {"path":"/Users/anthonykirkham/Desktop/Coding/new-code-template/js-webpack-prettier-eslint-template/src/index.js","all":true,"statementMap":{"0":{"start":{"line":1,"column":0},"end":{"line":1,"column":21}}},"s":{"0":0},"branchMap":{"0":{"type":"branch","line":1,"loc":{"start":{"line":1,"column":0},"end":{"line":1,"column":21}},"locations":[{"start":{"line":1,"column":0},"end":{"line":1,"column":21}}]}},"b":{"0":[0]},"fnMap":{"0":{"name":"(empty-report)","decl":{"start":{"line":1,"column":0},"end":{"line":1,"column":21}},"loc":{"start":{"line":1,"column":0},"end":{"line":1,"column":21}},"line":1}},"f":{"0":0}}
,"/Users/anthonykirkham/Desktop/Coding/new-code-template/js-webpack-prettier-eslint-template/src/sum.ts": {"path":"/Users/anthonykirkham/Desktop/Coding/new-code-template/js-webpack-prettier-eslint-template/src/sum.ts","all":false,"statementMap":{"1":{"start":{"line":2,"column":0},"end":{"line":2,"column":51}},"2":{"start":{"line":3,"column":0},"end":{"line":3,"column":52}},"3":{"start":{"line":4,"column":0},"end":{"line":4,"column":1}}},"s":{"1":3,"2":3,"3":3},"branchMap":{"0":{"type":"branch","line":2,"loc":{"start":{"line":2,"column":0},"end":{"line":4,"column":1}},"locations":[{"start":{"line":2,"column":0},"end":{"line":4,"column":1}}]},"1":{"type":"branch","line":3,"loc":{"start":{"line":3,"column":24},"end":{"line":3,"column":49}},"locations":[{"start":{"line":3,"column":24},"end":{"line":3,"column":49}}]}},"b":{"0":[3],"1":[4]},"fnMap":{"0":{"name":"sum","decl":{"start":{"line":2,"column":0},"end":{"line":4,"column":1}},"loc":{"start":{"line":2,"column":0},"end":{"line":4,"column":1}},"line":2}},"f":{"0":3}}
}
